ERROR - 2014-12-23T19:59:02-02:00 - exception 'Exception' with message 'Invalid Jianshu URL.' in /var/www/html/curso_slim/index.php:17
Stack trace:
#0 [internal function]: {closure}('Jorge Jardim')
#1 /var/www/html/curso_slim/vendor/slim/slim/Slim/Route.php(468): call_user_func_array(Object(Closure), Array)
#2 /var/www/html/curso_slim/vendor/slim/slim/Slim/Slim.php(1338): Slim\Route->dispatch()
#3 /var/www/html/curso_slim/vendor/slim/slim/Slim/Middleware/Flash.php(85): Slim\Slim->call()
#4 /var/www/html/curso_slim/vendor/slim/slim/Slim/Middleware/MethodOverride.php(92): Slim\Middleware\Flash->call()
#5 /var/www/html/curso_slim/vendor/slim/slim/Slim/Middleware/PrettyExceptions.php(67): Slim\Middleware\MethodOverride->call()
#6 /var/www/html/curso_slim/vendor/slim/slim/Slim/Slim.php(1283): Slim\Middleware\PrettyExceptions->call()
#7 /var/www/html/curso_slim/index.php(20): Slim\Slim->run()
#8 {main}
ERROR - 2014-12-23T20:04:51-02:00 - exception 'ErrorException' with message 'Undefined variable: app' in /var/www/html/curso_slim/index.php:18
Stack trace:
#0 /var/www/html/curso_slim/index.php(18): Slim\Slim::handleErrors(8, 'Undefined varia...', '/var/www/html/c...', 18, Array)
#1 [internal function]: {closure}('Jorge Jardim')
#2 /var/www/html/curso_slim/vendor/slim/slim/Slim/Route.php(468): call_user_func_array(Object(Closure), Array)
#3 /var/www/html/curso_slim/vendor/slim/slim/Slim/Slim.php(1338): Slim\Route->dispatch()
#4 /var/www/html/curso_slim/vendor/slim/slim/Slim/Middleware/Flash.php(85): Slim\Slim->call()
#5 /var/www/html/curso_slim/vendor/slim/slim/Slim/Middleware/MethodOverride.php(92): Slim\Middleware\Flash->call()
#6 /var/www/html/curso_slim/vendor/slim/slim/Slim/Middleware/PrettyExceptions.php(67): Slim\Middleware\MethodOverride->call()
#7 /var/www/html/curso_slim/vendor/slim/slim/Slim/Slim.php(1283): Slim\Middleware\PrettyExceptions->call()
#8 /var/www/html/curso_slim/index.php(22): Slim\Slim->run()
#9 {main}
DEBUG - 2014-12-23T20:05:48-02:00 - jorge
INFO - 2014-12-23T20:11:15-02:00 - jorge
INFO - 2014-12-23T20:15:28-02:00 - jorge
INFO - 2014-12-23T20:16:03-02:00 - Array
DEBUG - 2014-12-23T20:16:18-02:00 - Array
DEBUG - 2014-12-23T20:18:12-02:00 - Array
(
    [jorge] => 23
    [23] => 21
)

