ERROR - 2015-01-05T11:35:49-02:00 - exception 'RuntimeException' with message 'View cannot render `200` because the template does not exist' in /var/www/html/curso_slim/vendor/slim/slim/Slim/View.php:272
Stack trace:
#0 /var/www/html/curso_slim/vendor/slim/slim/Slim/View.php(255): Slim\View->render(200, NULL)
#1 /var/www/html/curso_slim/vendor/slim/slim/Slim/View.php(243): Slim\View->fetch(200, NULL)
#2 /var/www/html/curso_slim/vendor/slim/slim/Slim/Slim.php(757): Slim\View->display(200)
#3 /var/www/html/curso_slim/lib/functions.php(8): Slim\Slim->render(200, Array)
#4 /var/www/html/curso_slim/lib/routers.php(42): Functions->render(Object(Slim\Slim), NULL)
#5 [internal function]: {closure}('login', 'index')
#6 /var/www/html/curso_slim/vendor/slim/slim/Slim/Route.php(468): call_user_func_array(Object(Closure), Array)
#7 /var/www/html/curso_slim/vendor/slim/slim/Slim/Slim.php(1338): Slim\Route->dispatch()
#8 /var/www/html/curso_slim/vendor/slim/slim/Slim/Middleware/Flash.php(85): Slim\Slim->call()
#9 /var/www/html/curso_slim/vendor/slim/slim/Slim/Middleware/MethodOverride.php(92): Slim\Middleware\Flash->call()
#10 /var/www/html/curso_slim/vendor/slim/slim/Slim/Middleware/ContentTypes.php(81): Slim\Middleware\MethodOverride->call()
#11 /var/www/html/curso_slim/vendor/slim/slim/Slim/Middleware/PrettyExceptions.php(67): Slim\Middleware\ContentTypes->call()
#12 /var/www/html/curso_slim/vendor/slim/slim/Slim/Slim.php(1283): Slim\Middleware\PrettyExceptions->call()
#13 /var/www/html/curso_slim/lib/bootstrap.php(68): Slim\Slim->run()
#14 /var/www/html/curso_slim/app/public/index.php(8): require('/var/www/html/c...')
#15 {main}
INFO - 2015-01-05T12:04:19-02:00 - teste
INFO - 2015-01-05T12:09:45-02:00 - SELECT * FROM gb_users ORDER BY user_name desc LIMIT 10Array
(
)

INFO - 2015-01-05T12:11:15-02:00 - DEBUG QUERY:
SELECT * FROM gb_users ORDER BY user_name desc LIMIT 10
Array
(
)

INFO - 2015-01-05T12:13:26-02:00 - ============================================================================================

                       DEBUG QUERY:
SELECT * FROM gb_users ORDER BY user_name desc LIMIT 10
Array
(
)

============================================================================================

INFO - 2015-01-05T12:14:33-02:00 - ==========================================================
DEBUG QUERY:
SELECT * FROM gb_users ORDER BY user_name desc LIMIT 10
Array
(
)

============================================================================================

INFO - 2015-01-05T12:18:02-02:00 - ==========================================================
DEBUG QUERY:
SELECT * FROM gb_users ORDER BY user_name asc LIMIT 10
Array
(
)
============================================================================================

INFO - 2015-01-05T12:18:20-02:00 - ==========================================================
DEBUG QUERY:
SELECT * FROM gb_users ORDER BY user_name asc LIMIT 10
Array
(
)
============================================================================================

INFO - 2015-01-05T12:19:02-02:00 - ==========================================================
DEBUG QUERY:
SELECT * FROM gb_users ORDER BY user_name asc LIMIT 10
Array
(
)
============================================================================================

INFO - 2015-01-05T12:19:58-02:00 - ==========================================================
DEBUG QUERY:
SELECT * FROM gb_users ORDER BY user_name asc LIMIT 10
Array
(
)
============================================================================================

INFO - 2015-01-05T12:21:05-02:00 - ==========================================================
DEBUG QUERY:
SELECT * FROM gb_users ORDER BY user_name asc LIMIT 10
Array
(
)
============================================================================================

INFO - 2015-01-05T12:21:57-02:00 - ==========================================================
DEBUG QUERY:
SELECT * FROM gb_users ORDER BY user_name asc LIMIT 4
Array
(
)
============================================================================================

INFO - 2015-01-05T12:23:05-02:00 - ==========================================================
DEBUG QUERY:
SELECT * FROM gb_users ORDER BY user_name asc LIMIT 4
Array
(
)
============================================================================================

INFO - 2015-01-05T12:24:19-02:00 - ==========================================================
DEBUG QUERY:
SELECT * FROM gb_users ORDER BY user_name asc LIMIT 1
Array
(
)
============================================================================================

INFO - 2015-01-05T12:25:29-02:00 - ==========================================================
DEBUG QUERY:
SELECT * FROM gb_users ORDER BY user_name asc LIMIT 1
Array
(
)
============================================================================================

INFO - 2015-01-05T12:40:37-02:00 - ==========================================================
DEBUG QUERY:
SELECT * FROM gb_users WHERE (email = 'jorge@jorgejardim.com.br') LIMIT 20
Array
(
)
============================================================================================

INFO - 2015-01-05T12:41:42-02:00 - ==========================================================
DEBUG QUERY:
SELECT * FROM gb_users WHERE (user_email = 'jorge@jorgejardim.com.br') LIMIT 20
Array
(
)
============================================================================================

INFO - 2015-01-05T12:41:58-02:00 - ==========================================================
DEBUG QUERY:
SELECT * FROM gb_users WHERE (user_email = 'jorge@conteudodinamico.com.br') LIMIT 20
Array
(
)
============================================================================================

INFO - 2015-01-05T12:42:24-02:00 - ==========================================================
DEBUG QUERY:
SELECT * FROM gb_users WHERE (user_email LIKE = 'jorge@conteudodinamico.com.br') LIMIT 20
Array
(
)
============================================================================================

INFO - 2015-01-05T12:43:06-02:00 - ==========================================================
DEBUG QUERY:
SELECT * FROM gb_users WHERE (user_email LIKE ?) LIMIT 20
Array
(
    [0] => jorge@conteudodinamico.com.br
)
============================================================================================

INFO - 2015-01-05T13:07:03-02:00 - ==========================================================
DEBUG QUERY:
SELECT * FROM gb_users WHERE (user_email LIKE ?) LIMIT 20
Array
(
    [0] => jorge@conteud%
)
============================================================================================

INFO - 2015-01-05T13:07:33-02:00 - ==========================================================
DEBUG QUERY:
SELECT * FROM gb_users WHERE (user_email LIKE ?) LIMIT 20
Array
(
    [0] => 'jorge@conteud%'
)
============================================================================================

INFO - 2015-01-05T13:11:55-02:00 - ==========================================================
DEBUG QUERY:
SELECT * FROM gb_users WHERE (id = ?) LIMIT 1
Array
(
    [0] => 1
)
============================================================================================

INFO - 2015-01-05T13:12:23-02:00 - ==========================================================
DEBUG QUERY:
SELECT * FROM gb_users WHERE (user_id = ?) LIMIT 1
Array
(
    [0] => 1
)
============================================================================================

INFO - 2015-01-05T13:27:27-02:00 - ==========================================================
DEBUG QUERY:
UPDATE gb_users SET user_name = 'Jorge F Jardim' WHERE (user_email LIKE ?)
Array
(
    [0] => jorge@conteudodinamico.com.br
)
============================================================================================

INFO - 2015-01-05T13:28:24-02:00 - ==========================================================
DEBUG QUERY:
UPDATE gb_users SET user_name = 'Massiero' WHERE (user_email LIKE ?)
Array
(
    [0] => valter@frames.com.br
)
============================================================================================

INFO - 2015-01-05T13:30:04-02:00 - ==========================================================
DEBUG QUERY:
INSERT INTO gb_users (user_name) VALUES ('Juliana')
Array
(
)
============================================================================================

INFO - 2015-01-05T13:42:12-02:00 - ==========================================================
DEBUG QUERY:
INSERT INTO gb_users (user_name) VALUES ('Juliana')
Array
(
)
============================================================================================

INFO - 2015-01-05T13:42:59-02:00 - ==========================================================
DEBUG QUERY:
INSERT INTO gb_users (user_name, user_email) VALUES ('Juliana', 1420472579)
Array
(
)
============================================================================================

INFO - 2015-01-05T13:43:02-02:00 - ==========================================================
DEBUG QUERY:
INSERT INTO gb_users (user_name, user_email) VALUES ('Juliana', 1420472582)
Array
(
)
============================================================================================

INFO - 2015-01-05T13:45:16-02:00 - ==========================================================
DEBUG QUERY:
DELETE FROM gb_users WHERE (user_id = ?)
Array
(
    [0] => 6
)
============================================================================================

INFO - 2015-01-05T13:49:20-02:00 - ==========================================================
DEBUG QUERY:
SELECT user_id FROM gb_users WHERE (user_id = ?) LIMIT 1
Array
(
    [0] => 1
)
============================================================================================

INFO - 2015-01-05T13:51:41-02:00 - ==========================================================
DEBUG QUERY:
SELECT user_id FROM gb_users WHERE (user_id = ?) LIMIT 1
Array
(
    [0] => 1
)
============================================================================================

INFO - 2015-01-05T13:52:01-02:00 - ==========================================================
DEBUG QUERY:
SELECT user_id FROM gb_users WHERE (user_id = ?) LIMIT 1
Array
(
    [0] => 2
)
============================================================================================

INFO - 2015-01-05T13:52:28-02:00 - ==========================================================
DEBUG QUERY:
SELECT user_id FROM gb_users WHERE (user_id = ?) LIMIT 1
Array
(
    [0] => 3
)
============================================================================================

INFO - 2015-01-05T13:52:59-02:00 - ==========================================================
DEBUG QUERY:
SELECT user_id FROM gb_users WHERE (user_email = ?) LIMIT 1
Array
(
    [0] => valter@frames.com.br
)
============================================================================================

INFO - 2015-01-05T13:59:32-02:00 - ==========================================================
DEBUG QUERY:
SELECT user_id, user_name FROM gb_users
Array
(
)
============================================================================================

INFO - 2015-01-05T14:00:32-02:00 - ==========================================================
DEBUG QUERY:
SELECT user_id, user_name FROM gb_users
Array
(
)
============================================================================================

INFO - 2015-01-05T14:28:42-02:00 - ==========================================================
DEBUG QUERY:
SELECT user_id, user_name FROM gb_users
Array
(
)
============================================================================================

INFO - 2015-01-05T14:29:03-02:00 - ==========================================================
DEBUG QUERY:
SELECT user_id, user_name FROM gb_users
Array
(
)
============================================================================================

INFO - 2015-01-05T14:29:17-02:00 - ==========================================================
DEBUG QUERY:
SELECT user_id, user_name FROM gb_users
Array
(
)
============================================================================================

INFO - 2015-01-05T14:29:56-02:00 - ==========================================================
DEBUG QUERY:
SELECT user_id, user_name FROM gb_users WHERE (user_email LIKE ?) LIMIT 20
Array
(
    [0] => %@%
)
============================================================================================

INFO - 2015-01-05T14:47:19-02:00 - ==========================================================
DEBUG QUERY:
SELECT * FROM gb_options LIMIT 20
Array
(
)
============================================================================================

INFO - 2015-01-05T14:53:12-02:00 - ==========================================================
DEBUG QUERY:
SELECT * FROM gb_users LIMIT 20
Array
(
)
============================================================================================

INFO - 2015-01-05T14:54:03-02:00 - ==========================================================
DEBUG QUERY:
SELECT * FROM gb_users LIMIT 20
Array
(
)
============================================================================================

INFO - 2015-01-05T14:56:35-02:00 - ==========================================================
DEBUG QUERY:
SELECT * FROM gb_users WHERE (user_id = ?) LIMIT 1
Array
(
    [0] => 1
)
============================================================================================

INFO - 2015-01-05T14:57:46-02:00 - ==========================================================
DEBUG QUERY:
SELECT * FROM gb_users WHERE (user_id = ?) LIMIT 1
Array
(
    [0] => 1
)
============================================================================================

INFO - 2015-01-05T15:27:06-02:00 - ==========================================================
DEBUG QUERY:
SELECT * FROM gb_users WHERE (user_id = ?) LIMIT 1
Array
(
    [0] => 1
)
============================================================================================

INFO - 2015-01-05T15:33:31-02:00 - ==========================================================
DEBUG QUERY:
SELECT * FROM gb_users WHERE (user_id = ?) LIMIT 1
Array
(
    [0] => 1
)
============================================================================================

INFO - 2015-01-05T15:41:23-02:00 - ==========================================================
DEBUG QUERY:
SELECT * FROM gb_users WHERE (user_id = ?) LIMIT 1
Array
(
    [0] => 1
)
============================================================================================

INFO - 2015-01-05T15:52:31-02:00 - ==========================================================
DEBUG QUERY:
SELECT * FROM gb_users WHERE (user_id = ?) LIMIT 1
Array
(
    [0] => 1
)
============================================================================================

INFO - 2015-01-05T15:52:54-02:00 - ==========================================================
DEBUG QUERY:
SELECT * FROM gb_users WHERE (user_id = ?) LIMIT 1
Array
(
    [0] => 1
)
============================================================================================

INFO - 2015-01-05T15:58:19-02:00 - ==========================================================
DEBUG QUERY:
SELECT * FROM tests LIMIT 20
Array
(
)
============================================================================================

INFO - 2015-01-05T15:59:18-02:00 - ==========================================================
DEBUG QUERY:
INSERT INTO tests (test_email, test_name) VALUES ('jorge@conteudodinamico.com.br', 'Jorge Jardim')
Array
(
)
============================================================================================

INFO - 2015-01-05T15:59:38-02:00 - ==========================================================
DEBUG QUERY:
INSERT INTO tests (test_email, test_name) VALUES ('jorge@conteudodinamico.com.br', 'Jorge Jardim')
Array
(
)
============================================================================================

INFO - 2015-01-05T15:59:57-02:00 - ==========================================================
DEBUG QUERY:
INSERT INTO tests (test_email, test_name) VALUES ('jorge@conteudodinamico.com.br', 'Jorge Jardim')
Array
(
)
============================================================================================

INFO - 2015-01-05T16:00:55-02:00 - ==========================================================
DEBUG QUERY:
SELECT * FROM tests LIMIT 20
Array
(
)
============================================================================================

INFO - 2015-01-05T16:02:27-02:00 - ==========================================================
DEBUG QUERY:
UPDATE tests SET test_email = 'jorge@conteudodinamico.com.br', test_name = 'Jorge Jardim', test_id = 'Jorge Jardim' WHERE (test_id = ?)
Array
(
    [0] => Jorge Jardim
)
============================================================================================

INFO - 2015-01-05T16:02:34-02:00 - ==========================================================
DEBUG QUERY:
UPDATE tests SET test_email = 'jorge@conteudodinamico.com.br', test_name = 'Jorge Jardim', test_id = '2' WHERE (test_id = ?)
Array
(
    [0] => 2
)
============================================================================================

INFO - 2015-01-05T16:03:17-02:00 - ==========================================================
DEBUG QUERY:
UPDATE tests SET test_email = 'jorge@conteudodinamico.com.br', test_name = 'Jorge F Jardim', test_id = '2' WHERE (test_id = ?)
Array
(
    [0] => 2
)
============================================================================================

INFO - 2015-01-05T16:06:03-02:00 - ==========================================================
DEBUG QUERY:
DELETE FROM tests WHERE (test_email = 'jorge@conteudodinamico.com.br') AND (test_name = 'Jorge F Jardim') AND (test_id = '2')
Array
(
)
============================================================================================

INFO - 2015-01-05T16:08:04-02:00 - ==========================================================
DEBUG QUERY:
DELETE FROM tests WHERE (test_id = ?)
Array
(
    [0] => 3
)
============================================================================================

INFO - 2015-01-05T16:10:53-02:00 - ==========================================================
DEBUG QUERY:
DELETE FROM tests WHERE (test_id = ?)
Array
(
    [0] => 3
)
============================================================================================

INFO - 2015-01-05T16:22:33-02:00 - ==========================================================
DEBUG QUERY:
SELECT * FROM tests LIMIT 20
Array
(
)
============================================================================================

INFO - 2015-01-05T16:24:20-02:00 - ==========================================================
DEBUG QUERY:
SELECT * FROM tests LIMIT 20
Array
(
)
============================================================================================

INFO - 2015-01-05T16:24:38-02:00 - ==========================================================
DEBUG QUERY:
SELECT * FROM tests WHERE (test_id = ?) LIMIT 1
Array
(
    [0] => 1
)
============================================================================================

INFO - 2015-01-05T16:26:38-02:00 - ==========================================================
DEBUG QUERY:
INSERT INTO tests test_name=Jorge+Jardim&test_email=jorge%40jorgejardim.com.br
Array
(
)
============================================================================================

INFO - 2015-01-05T16:27:43-02:00 - ==========================================================
DEBUG QUERY:
INSERT INTO tests (test_name, test_email) VALUES ('Jorge Jardim', 'jorge@jorgejardim.com.br')
Array
(
)
============================================================================================

INFO - 2015-01-05T16:28:30-02:00 - ==========================================================
DEBUG QUERY:
INSERT INTO tests (test_id, test_name, test_email) VALUES (1, 'Jorge Jardim', 'jorge@jorgejardim.com.br')
Array
(
)
============================================================================================

INFO - 2015-01-05T16:28:46-02:00 - ==========================================================
DEBUG QUERY:
UPDATE tests SET test_id = 1, test_name = 'Jorge Jardim', test_email = 'jorge@jorgejardim.com.br' WHERE (test_id = ?)
Array
(
    [0] => 1
)
============================================================================================

INFO - 2015-01-05T16:29:06-02:00 - ==========================================================
DEBUG QUERY:
UPDATE tests SET test_id = 1, test_name = 'Jorge F Jardim', test_email = 'jorge@jorgejardim.com.br' WHERE (test_id = ?)
Array
(
    [0] => 1
)
============================================================================================

INFO - 2015-01-05T16:30:12-02:00 - ==========================================================
DEBUG QUERY:
DELETE FROM tests WHERE (test_id = ?)
Array
(
    [0] => 1
)
============================================================================================

INFO - 2015-01-05T17:02:09-02:00 - ==========================================================
DEBUG QUERY:
SELECT * FROM tests LIMIT 20
Array
(
)
============================================================================================

INFO - 2015-01-05T17:02:37-02:00 - ==========================================================
DEBUG QUERY:
SELECT * FROM tests LIMIT 20
Array
(
)
============================================================================================

INFO - 2015-01-05T17:02:47-02:00 - ==========================================================
DEBUG QUERY:
SELECT * FROM tests LIMIT 20
Array
(
)
============================================================================================

INFO - 2015-01-05T17:02:48-02:00 - ==========================================================
DEBUG QUERY:
SELECT * FROM tests LIMIT 20
Array
(
)
============================================================================================

INFO - 2015-01-05T17:02:58-02:00 - ==========================================================
DEBUG QUERY:
SELECT * FROM tests LIMIT 20
Array
(
)
============================================================================================

INFO - 2015-01-05T17:03:30-02:00 - ==========================================================
DEBUG QUERY:
SELECT * FROM tests LIMIT 20
Array
(
)
============================================================================================

INFO - 2015-01-05T17:05:28-02:00 - ==========================================================
DEBUG QUERY:
SELECT * FROM tests LIMIT 20
Array
(
)
============================================================================================

INFO - 2015-01-05T17:05:55-02:00 - ==========================================================
DEBUG QUERY:
SELECT * FROM tests LIMIT 20
Array
(
)
============================================================================================

INFO - 2015-01-05T17:06:03-02:00 - ==========================================================
DEBUG QUERY:
SELECT * FROM tests LIMIT 20
Array
(
)
============================================================================================

INFO - 2015-01-05T17:15:56-02:00 - ==========================================================
DEBUG QUERY:
INSERT INTO tests (test_name, test_email) VALUES ('Jorge Jardim', 'jorge@jorgejardim.com.br')
Array
(
)
============================================================================================

INFO - 2015-01-05T17:19:33-02:00 - ==========================================================
DEBUG QUERY:
INSERT INTO tests (test_name, test_email) VALUES ('Jorge Jardim', 'jorge@jorgejardim.com.br')
Array
(
)
============================================================================================

INFO - 2015-01-05T17:23:06-02:00 - ==========================================================
DEBUG QUERY:
INSERT INTO tests (test_name, test_email) VALUES ('Jorge Jardim', 'jorge@jorgejardim.com.br')
Array
(
)
============================================================================================

INFO - 2015-01-05T17:23:13-02:00 - ==========================================================
DEBUG QUERY:
INSERT INTO tests (test_name, test_email) VALUES ('Jorge Jardim', 'jorgeorgejardim.com.br')
Array
(
)
============================================================================================

INFO - 2015-01-05T17:25:26-02:00 - ==========================================================
DEBUG QUERY:
INSERT INTO tests (test_name, test_email) VALUES ('Jorge Jardim', 'jorgeorgejardim.com.br')
Array
(
)
============================================================================================

INFO - 2015-01-05T17:25:43-02:00 - ==========================================================
DEBUG QUERY:
INSERT INTO tests (test_name, test_email) VALUES ('Jorge Jardim', 'jorgeorgejardim.com.br')
Array
(
)
============================================================================================

INFO - 2015-01-05T17:26:20-02:00 - ==========================================================
DEBUG QUERY:
INSERT INTO tests (test_name, test_email) VALUES ('Jorge Jardim', 'jorgeorgejardim.com.br')
Array
(
)
============================================================================================

INFO - 2015-01-05T17:26:40-02:00 - ==========================================================
DEBUG QUERY:
INSERT INTO tests (test_name, test_email) VALUES ('Jorge Jardim', 'jorgeorgejardim.com.br')
Array
(
)
============================================================================================

INFO - 2015-01-05T17:27:41-02:00 - ==========================================================
DEBUG QUERY:
INSERT INTO tests (test_name, test_email) VALUES ('Jorge Jardim', 'jorgeorgejardim.com.br')
Array
(
)
============================================================================================

INFO - 2015-01-05T17:30:23-02:00 - ==========================================================
DEBUG QUERY:
INSERT INTO tests (test_name, test_email) VALUES ('Jorge Jardim', 'jorgeorgejardim.com.br')
Array
(
)
============================================================================================

INFO - 2015-01-05T17:30:48-02:00 - ==========================================================
DEBUG QUERY:
INSERT INTO tests (test_name, test_email) VALUES ('Jorge Jardim', 'jorgeorgejardim.com.br')
Array
(
)
============================================================================================

INFO - 2015-01-05T17:31:05-02:00 - ==========================================================
DEBUG QUERY:
INSERT INTO tests (test_name, test_email) VALUES ('Jorge Jardim', 'jorgeorgejardim.com.br')
Array
(
)
============================================================================================

INFO - 2015-01-05T17:31:29-02:00 - ==========================================================
DEBUG QUERY:
INSERT INTO tests (test_name, test_email) VALUES ('Jorge Jardim', 'jorgeorgejardim.com.br')
Array
(
)
============================================================================================

INFO - 2015-01-05T17:31:58-02:00 - ==========================================================
DEBUG QUERY:
INSERT INTO tests (test_name, test_email) VALUES ('Jorge Jardim', 'jorgeorgejardim.com.br')
Array
(
)
============================================================================================

INFO - 2015-01-05T17:32:21-02:00 - ==========================================================
DEBUG QUERY:
INSERT INTO tests (test_name, test_email) VALUES ('Jorge Jardim', 'jorgeorgejardim.com.br')
Array
(
)
============================================================================================

INFO - 2015-01-05T17:36:56-02:00 - ==========================================================
DEBUG QUERY:
INSERT INTO tests (test_name, test_email) VALUES ('Jorge Jardim', 'jorgeorgejardim.com.br')
Array
(
)
============================================================================================

INFO - 2015-01-05T17:40:38-02:00 - ==========================================================
DEBUG QUERY:
INSERT INTO tests (test_name, test_email) VALUES ('Jorge Jardim', 'jorgeorgejardim.com.br')
Array
(
)
============================================================================================

INFO - 2015-01-05T17:40:48-02:00 - ==========================================================
DEBUG QUERY:
INSERT INTO tests (test_name, test_email) VALUES ('Jorge Jardim', 'jorge@orgejardim.com.br')
Array
(
)
============================================================================================

INFO - 2015-01-05T17:41:19-02:00 - ==========================================================
DEBUG QUERY:
INSERT INTO tests (test_name, test_email) VALUES ('Jorge Jardim', 'jorge@orgejardim.com.br')
Array
(
)
============================================================================================

INFO - 2015-01-05T17:41:27-02:00 - ==========================================================
DEBUG QUERY:
INSERT INTO tests (test_name, test_email) VALUES ('Jorge Jardim', 'jorgejorgejardim.com.br')
Array
(
)
============================================================================================

INFO - 2015-01-05T17:50:40-02:00 - ==========================================================
DEBUG QUERY:
INSERT INTO tests (test_name, test_email) VALUES ('Jorge Jardim', 'jorge@jorgejardim.com.br')
Array
(
)
============================================================================================

INFO - 2015-01-05T17:52:57-02:00 - ==========================================================
DEBUG QUERY:
INSERT INTO tests (test_name) VALUES ('Jorge Jardim')
Array
(
)
============================================================================================

INFO - 2015-01-05T17:53:25-02:00 - ==========================================================
DEBUG QUERY:
INSERT INTO tests (test_name, test_email) VALUES ('Jorge Jardim', 'jorge@jorgejardim.com.br')
Array
(
)
============================================================================================

INFO - 2015-01-05T17:55:04-02:00 - ==========================================================
DEBUG QUERY:
INSERT INTO tests (test_name, test_email) VALUES ('Jorge Jardim', 'jorge@jorgejardim.com.br')
Array
(
)
============================================================================================

INFO - 2015-01-05T18:03:42-02:00 - ==========================================================
DEBUG QUERY:
SELECT * FROM tests LIMIT 20
Array
(
)
============================================================================================

INFO - 2015-01-05T18:05:20-02:00 - ==========================================================
DEBUG QUERY:
SELECT * FROM tests LIMIT 20
Array
(
)
============================================================================================

INFO - 2015-01-05T18:14:44-02:00 - ==========================================================
DEBUG QUERY:
SELECT * FROM tests WHERE (test_id = ?) LIMIT 1
Array
(
    [0] => 1
)
============================================================================================

INFO - 2015-01-05T18:14:53-02:00 - ==========================================================
DEBUG QUERY:
INSERT INTO tests (test_name, test_email) VALUES ('Jorge Jardim', 'jorge@jorgejardim.com.br')
Array
(
)
============================================================================================

INFO - 2015-01-05T18:15:03-02:00 - ==========================================================
DEBUG QUERY:
UPDATE tests SET test_id = 1, test_name = 'Jorge F Jardim', test_email = 'jorge@jorgejardim.com.br' WHERE (test_id = ?)
Array
(
    [0] => 1
)
============================================================================================

INFO - 2015-01-05T18:15:19-02:00 - ==========================================================
DEBUG QUERY:
DELETE FROM tests WHERE (test_id = ?)
Array
(
    [0] => 1
)
============================================================================================

INFO - 2015-01-05T18:15:49-02:00 - ==========================================================
DEBUG QUERY:
DELETE FROM tests WHERE (test_id = ?)
Array
(
    [0] => 4
)
============================================================================================

INFO - 2015-01-05T18:16:11-02:00 - ==========================================================
DEBUG QUERY:
UPDATE tests SET test_id = 1, test_name = 'Jorge F Jardim', test_email = 'jorge@jorgejardim.com.br' WHERE (test_id = ?)
Array
(
    [0] => 1
)
============================================================================================

INFO - 2015-01-05T18:16:20-02:00 - ==========================================================
DEBUG QUERY:
UPDATE tests SET test_id = 5, test_name = 'Jorge F Jardim', test_email = 'jorge@jorgejardim.com.br' WHERE (test_id = ?)
Array
(
    [0] => 5
)
============================================================================================

INFO - 2015-01-05T18:16:43-02:00 - ==========================================================
DEBUG QUERY:
SELECT * FROM tests WHERE (test_id = ?) LIMIT 1
Array
(
    [0] => 5
)
============================================================================================

INFO - 2015-01-05T18:30:33-02:00 - ==========================================================
DEBUG QUERY:
SELECT * FROM tests LIMIT 20
Array
(
)
============================================================================================

INFO - 2015-01-05T18:31:08-02:00 - ==========================================================
DEBUG QUERY:
SELECT * FROM tests LIMIT 20
Array
(
)
============================================================================================

INFO - 2015-01-05T18:31:46-02:00 - ==========================================================
DEBUG QUERY:
SELECT * FROM tests LIMIT 20
Array
(
)
============================================================================================

INFO - 2015-01-05T18:32:40-02:00 - ==========================================================
DEBUG QUERY:
SELECT * FROM tests LIMIT 20
Array
(
)
============================================================================================

INFO - 2015-01-05T18:32:43-02:00 - ==========================================================
DEBUG QUERY:
SELECT * FROM tests LIMIT 20
Array
(
)
============================================================================================

INFO - 2015-01-05T18:33:59-02:00 - ==========================================================
DEBUG QUERY:
SELECT * FROM tests LIMIT 20
Array
(
)
============================================================================================

INFO - 2015-01-05T18:35:23-02:00 - ==========================================================
DEBUG QUERY:
SELECT * FROM tests WHERE (test_id = ?) LIMIT 1
Array
(
    [0] => 5
)
============================================================================================

INFO - 2015-01-05T18:35:43-02:00 - ==========================================================
DEBUG QUERY:
SELECT * FROM tests WHERE (test_id = ?) LIMIT 1
Array
(
    [0] => 5
)
============================================================================================

INFO - 2015-01-05T18:36:07-02:00 - ==========================================================
DEBUG QUERY:
SELECT * FROM tests WHERE (test_id = ?) LIMIT 1
Array
(
    [0] => 5
)
============================================================================================

INFO - 2015-01-05T18:36:11-02:00 - ==========================================================
DEBUG QUERY:
SELECT * FROM tests WHERE (test_id = ?) LIMIT 1
Array
(
    [0] => 5
)
============================================================================================

INFO - 2015-01-05T18:43:28-02:00 - ==========================================================
DEBUG QUERY:
SELECT * FROM tests LIMIT 20
Array
(
)
============================================================================================

INFO - 2015-01-05T18:43:52-02:00 - ==========================================================
DEBUG QUERY:
SELECT * FROM tests LIMIT 20
Array
(
)
============================================================================================

INFO - 2015-01-05T18:43:53-02:00 - ==========================================================
DEBUG QUERY:
SELECT * FROM tests LIMIT 20
Array
(
)
============================================================================================

INFO - 2015-01-05T18:43:55-02:00 - ==========================================================
DEBUG QUERY:
SELECT * FROM tests LIMIT 20
Array
(
)
============================================================================================

INFO - 2015-01-05T18:43:56-02:00 - ==========================================================
DEBUG QUERY:
SELECT * FROM tests LIMIT 20
Array
(
)
============================================================================================

INFO - 2015-01-05T18:43:58-02:00 - ==========================================================
DEBUG QUERY:
SELECT * FROM tests LIMIT 20
Array
(
)
============================================================================================

INFO - 2015-01-05T18:44:30-02:00 - ==========================================================
DEBUG QUERY:
SELECT * FROM tests LIMIT 20
Array
(
)
============================================================================================

INFO - 2015-01-05T18:44:31-02:00 - ==========================================================
DEBUG QUERY:
SELECT * FROM tests LIMIT 20
Array
(
)
============================================================================================

INFO - 2015-01-05T18:44:32-02:00 - ==========================================================
DEBUG QUERY:
SELECT * FROM tests LIMIT 20
Array
(
)
============================================================================================

INFO - 2015-01-05T18:44:33-02:00 - ==========================================================
DEBUG QUERY:
SELECT * FROM tests LIMIT 20
Array
(
)
============================================================================================

INFO - 2015-01-05T18:44:34-02:00 - ==========================================================
DEBUG QUERY:
SELECT * FROM tests LIMIT 20
Array
(
)
============================================================================================

INFO - 2015-01-05T18:45:00-02:00 - ==========================================================
DEBUG QUERY:
SELECT * FROM tests LIMIT 20
Array
(
)
============================================================================================

INFO - 2015-01-05T18:45:01-02:00 - ==========================================================
DEBUG QUERY:
SELECT * FROM tests LIMIT 20
Array
(
)
============================================================================================

INFO - 2015-01-05T18:45:02-02:00 - ==========================================================
DEBUG QUERY:
SELECT * FROM tests LIMIT 20
Array
(
)
============================================================================================

INFO - 2015-01-05T18:45:03-02:00 - ==========================================================
DEBUG QUERY:
SELECT * FROM tests LIMIT 20
Array
(
)
============================================================================================

INFO - 2015-01-05T18:45:39-02:00 - ==========================================================
DEBUG QUERY:
SELECT * FROM tests LIMIT 20
Array
(
)
============================================================================================

INFO - 2015-01-05T18:45:41-02:00 - ==========================================================
DEBUG QUERY:
SELECT * FROM tests LIMIT 20
Array
(
)
============================================================================================

INFO - 2015-01-05T18:45:54-02:00 - ==========================================================
DEBUG QUERY:
SELECT * FROM tests LIMIT 20
Array
(
)
============================================================================================

INFO - 2015-01-05T18:46:16-02:00 - ==========================================================
DEBUG QUERY:
SELECT * FROM tests LIMIT 20
Array
(
)
============================================================================================

INFO - 2015-01-05T18:46:17-02:00 - ==========================================================
DEBUG QUERY:
SELECT * FROM tests LIMIT 20
Array
(
)
============================================================================================

INFO - 2015-01-05T18:46:19-02:00 - ==========================================================
DEBUG QUERY:
SELECT * FROM tests LIMIT 20
Array
(
)
============================================================================================

INFO - 2015-01-05T18:46:20-02:00 - ==========================================================
DEBUG QUERY:
SELECT * FROM tests LIMIT 20
Array
(
)
============================================================================================

INFO - 2015-01-05T18:46:25-02:00 - ==========================================================
DEBUG QUERY:
SELECT * FROM tests LIMIT 20
Array
(
)
============================================================================================

INFO - 2015-01-05T18:46:26-02:00 - ==========================================================
DEBUG QUERY:
SELECT * FROM tests LIMIT 20
Array
(
)
============================================================================================

INFO - 2015-01-05T18:46:27-02:00 - ==========================================================
DEBUG QUERY:
SELECT * FROM tests LIMIT 20
Array
(
)
============================================================================================

INFO - 2015-01-05T18:46:28-02:00 - ==========================================================
DEBUG QUERY:
SELECT * FROM tests LIMIT 20
Array
(
)
============================================================================================

INFO - 2015-01-05T18:46:29-02:00 - ==========================================================
DEBUG QUERY:
SELECT * FROM tests LIMIT 20
Array
(
)
============================================================================================

INFO - 2015-01-05T18:46:29-02:00 - ==========================================================
DEBUG QUERY:
SELECT * FROM tests LIMIT 20
Array
(
)
============================================================================================

INFO - 2015-01-05T18:46:30-02:00 - ==========================================================
DEBUG QUERY:
SELECT * FROM tests LIMIT 20
Array
(
)
============================================================================================

INFO - 2015-01-05T18:46:42-02:00 - ==========================================================
DEBUG QUERY:
SELECT * FROM tests LIMIT 20
Array
(
)
============================================================================================

INFO - 2015-01-05T18:46:43-02:00 - ==========================================================
DEBUG QUERY:
SELECT * FROM tests LIMIT 20
Array
(
)
============================================================================================

INFO - 2015-01-05T18:46:44-02:00 - ==========================================================
DEBUG QUERY:
SELECT * FROM tests LIMIT 20
Array
(
)
============================================================================================

INFO - 2015-01-05T18:46:58-02:00 - ==========================================================
DEBUG QUERY:
SELECT * FROM tests LIMIT 20
Array
(
)
============================================================================================

INFO - 2015-01-05T18:47:00-02:00 - ==========================================================
DEBUG QUERY:
SELECT * FROM tests LIMIT 20
Array
(
)
============================================================================================

INFO - 2015-01-05T18:47:01-02:00 - ==========================================================
DEBUG QUERY:
SELECT * FROM tests LIMIT 20
Array
(
)
============================================================================================

INFO - 2015-01-05T18:59:21-02:00 - ==========================================================
DEBUG QUERY:
SELECT * FROM tests LIMIT 20
Array
(
)
============================================================================================

INFO - 2015-01-05T18:59:22-02:00 - ==========================================================
DEBUG QUERY:
SELECT * FROM tests LIMIT 20
Array
(
)
============================================================================================

INFO - 2015-01-05T18:59:23-02:00 - ==========================================================
DEBUG QUERY:
SELECT * FROM tests LIMIT 20
Array
(
)
============================================================================================

INFO - 2015-01-05T19:02:14-02:00 - ==========================================================
DEBUG QUERY:
SELECT * FROM tests LIMIT 20
Array
(
)
============================================================================================

INFO - 2015-01-05T19:02:15-02:00 - ==========================================================
DEBUG QUERY:
SELECT * FROM tests LIMIT 20
Array
(
)
============================================================================================

INFO - 2015-01-05T19:02:16-02:00 - ==========================================================
DEBUG QUERY:
SELECT * FROM tests LIMIT 20
Array
(
)
============================================================================================

INFO - 2015-01-05T19:02:17-02:00 - ==========================================================
DEBUG QUERY:
SELECT * FROM tests LIMIT 20
Array
(
)
============================================================================================

INFO - 2015-01-05T19:03:47-02:00 - ==========================================================
DEBUG QUERY:
SELECT * FROM tests LIMIT 20
Array
(
)
============================================================================================

INFO - 2015-01-05T19:03:48-02:00 - ==========================================================
DEBUG QUERY:
SELECT * FROM tests LIMIT 20
Array
(
)
============================================================================================

INFO - 2015-01-05T19:03:49-02:00 - ==========================================================
DEBUG QUERY:
SELECT * FROM tests LIMIT 20
Array
(
)
============================================================================================

INFO - 2015-01-05T19:04:21-02:00 - ==========================================================
DEBUG QUERY:
SELECT * FROM tests LIMIT 20
Array
(
)
============================================================================================

INFO - 2015-01-05T19:04:30-02:00 - ==========================================================
DEBUG QUERY:
SELECT * FROM tests LIMIT 20
Array
(
)
============================================================================================

INFO - 2015-01-05T19:04:31-02:00 - ==========================================================
DEBUG QUERY:
SELECT * FROM tests LIMIT 20
Array
(
)
============================================================================================

INFO - 2015-01-05T19:06:15-02:00 - ==========================================================
DEBUG QUERY:
SELECT * FROM tests LIMIT 20
Array
(
)
============================================================================================

INFO - 2015-01-05T19:06:16-02:00 - ==========================================================
DEBUG QUERY:
SELECT * FROM tests LIMIT 20
Array
(
)
============================================================================================

INFO - 2015-01-05T19:06:17-02:00 - ==========================================================
DEBUG QUERY:
SELECT * FROM tests LIMIT 20
Array
(
)
============================================================================================

INFO - 2015-01-05T19:06:18-02:00 - ==========================================================
DEBUG QUERY:
SELECT * FROM tests LIMIT 20
Array
(
)
============================================================================================

INFO - 2015-01-05T19:06:19-02:00 - ==========================================================
DEBUG QUERY:
SELECT * FROM tests LIMIT 20
Array
(
)
============================================================================================

INFO - 2015-01-05T19:06:20-02:00 - ==========================================================
DEBUG QUERY:
SELECT * FROM tests LIMIT 20
Array
(
)
============================================================================================

INFO - 2015-01-05T19:07:35-02:00 - ==========================================================
DEBUG QUERY:
SELECT * FROM tests LIMIT 20
Array
(
)
============================================================================================

INFO - 2015-01-05T19:07:36-02:00 - ==========================================================
DEBUG QUERY:
SELECT * FROM tests LIMIT 20
Array
(
)
============================================================================================

INFO - 2015-01-05T19:07:37-02:00 - ==========================================================
DEBUG QUERY:
SELECT * FROM tests LIMIT 20
Array
(
)
============================================================================================

INFO - 2015-01-05T19:08:11-02:00 - ==========================================================
DEBUG QUERY:
SELECT * FROM tests LIMIT 20
Array
(
)
============================================================================================

INFO - 2015-01-05T19:08:12-02:00 - ==========================================================
DEBUG QUERY:
SELECT * FROM tests LIMIT 20
Array
(
)
============================================================================================

INFO - 2015-01-05T19:08:26-02:00 - ==========================================================
DEBUG QUERY:
SELECT * FROM tests LIMIT 20
Array
(
)
============================================================================================

INFO - 2015-01-05T19:12:05-02:00 - ==========================================================
DEBUG QUERY:
SELECT * FROM tests LIMIT 20
Array
(
)
============================================================================================

INFO - 2015-01-05T19:12:06-02:00 - ==========================================================
DEBUG QUERY:
SELECT * FROM tests LIMIT 20
Array
(
)
============================================================================================

INFO - 2015-01-05T19:12:07-02:00 - ==========================================================
DEBUG QUERY:
SELECT * FROM tests LIMIT 20
Array
(
)
============================================================================================

INFO - 2015-01-05T19:12:08-02:00 - ==========================================================
DEBUG QUERY:
SELECT * FROM tests LIMIT 20
Array
(
)
============================================================================================

INFO - 2015-01-05T19:12:09-02:00 - ==========================================================
DEBUG QUERY:
SELECT * FROM tests LIMIT 20
Array
(
)
============================================================================================

INFO - 2015-01-05T19:12:10-02:00 - ==========================================================
DEBUG QUERY:
SELECT * FROM tests LIMIT 20
Array
(
)
============================================================================================

INFO - 2015-01-05T19:15:28-02:00 - ==========================================================
DEBUG QUERY:
SELECT * FROM tests LIMIT 20
Array
(
)
============================================================================================

INFO - 2015-01-05T19:15:28-02:00 - ==========================================================
DEBUG QUERY:
SELECT * FROM tests LIMIT 20
Array
(
)
============================================================================================

INFO - 2015-01-05T19:15:30-02:00 - ==========================================================
DEBUG QUERY:
SELECT * FROM tests LIMIT 20
Array
(
)
============================================================================================

INFO - 2015-01-05T19:16:03-02:00 - ==========================================================
DEBUG QUERY:
SELECT * FROM tests LIMIT 20
Array
(
)
============================================================================================

INFO - 2015-01-05T19:16:04-02:00 - ==========================================================
DEBUG QUERY:
SELECT * FROM tests LIMIT 20
Array
(
)
============================================================================================

INFO - 2015-01-05T19:19:52-02:00 - ==========================================================
DEBUG QUERY:
SELECT * FROM tests LIMIT 20
Array
(
)
============================================================================================

INFO - 2015-01-05T19:19:55-02:00 - ==========================================================
DEBUG QUERY:
SELECT * FROM tests LIMIT 20
Array
(
)
============================================================================================

INFO - 2015-01-05T19:19:57-02:00 - ==========================================================
DEBUG QUERY:
SELECT * FROM tests LIMIT 20
Array
(
)
============================================================================================

INFO - 2015-01-05T19:20:46-02:00 - ==========================================================
DEBUG QUERY:
SELECT * FROM tests LIMIT 20
Array
(
)
============================================================================================

INFO - 2015-01-05T19:20:48-02:00 - ==========================================================
DEBUG QUERY:
SELECT * FROM tests LIMIT 20
Array
(
)
============================================================================================

INFO - 2015-01-05T19:20:51-02:00 - ==========================================================
DEBUG QUERY:
SELECT * FROM tests LIMIT 20
Array
(
)
============================================================================================

INFO - 2015-01-05T19:29:58-02:00 - ==========================================================
DEBUG QUERY:
SELECT * FROM users WHERE (user_email = ?) AND (user_password = ?) LIMIT 20
Array
(
    [0] => jorge@conteudodinamico.com.br
    [1] => t4r5zjj
)
============================================================================================

INFO - 2015-01-05T19:30:27-02:00 - ==========================================================
DEBUG QUERY:
SELECT * FROM users WHERE (user_email = ?) AND (user_password = ?) LIMIT 20
Array
(
    [0] => jorge@conteudodinamico.com.br
    [1] => t4r5zjj
)
============================================================================================

INFO - 2015-01-05T19:31:05-02:00 - ==========================================================
DEBUG QUERY:
SELECT * FROM users WHERE (user_email = ?) AND (user_password = ?) LIMIT 20
Array
(
    [0] => jorge@conteudodinamico.com.br
    [1] => t4r5zjj
)
============================================================================================

INFO - 2015-01-05T19:35:48-02:00 - ==========================================================
DEBUG QUERY:
SELECT * FROM users WHERE (user_email = ?) AND (user_password = ?) LIMIT 20
Array
(
    [0] => jorge@conteudodinamico.com.br
    [1] => t4r5zjj
)
============================================================================================

INFO - 2015-01-05T19:37:14-02:00 - ==========================================================
DEBUG QUERY:
SELECT * FROM users WHERE (user_email = ?) AND (user_password = ?) LIMIT 20
Array
(
    [0] => jorge@conteudodinamico.com.br
    [1] => t4r5zjj
)
============================================================================================

INFO - 2015-01-05T19:38:28-02:00 - ==========================================================
DEBUG QUERY:
SELECT * FROM users WHERE (user_email = ?) AND (user_password = ?) LIMIT 20
Array
(
    [0] => jorge@conteudodinamico.com.br
    [1] => t4r5zjj
)
============================================================================================

INFO - 2015-01-05T19:38:30-02:00 - ==========================================================
DEBUG QUERY:
SELECT * FROM users WHERE (user_email = ?) AND (user_password = ?) LIMIT 20
Array
(
    [0] => jorge@conteudodinamico.com.br
    [1] => t4r5zjj
)
============================================================================================

INFO - 2015-01-05T19:38:40-02:00 - ==========================================================
DEBUG QUERY:
SELECT * FROM users WHERE (user_email = ?) AND (user_password = ?) LIMIT 20
Array
(
    [0] => jorge@conteudodinamico.com.br
    [1] => t4r5zjj
)
============================================================================================

INFO - 2015-01-05T19:39:23-02:00 - ==========================================================
DEBUG QUERY:
SELECT * FROM users WHERE (user_email = ?) AND (user_password = ?) LIMIT 20
Array
(
    [0] => jorge@conteudodinamico.com.br
    [1] => t4r5zjj
)
============================================================================================

INFO - 2015-01-05T19:44:16-02:00 - ==========================================================
DEBUG QUERY:
SELECT * FROM users WHERE (user_email = ?) AND (user_password = ?) LIMIT 20
Array
(
    [0] => jorge@conteudodinamico.com.br
    [1] => t4r5zjj
)
============================================================================================

INFO - 2015-01-05T19:44:27-02:00 - ==========================================================
DEBUG QUERY:
SELECT * FROM users WHERE (user_email = ?) AND (user_password = ?) LIMIT 20
Array
(
    [0] => jorge@conteudodinamico.com.br
    [1] => t4r5zjj
)
============================================================================================

INFO - 2015-01-05T19:45:10-02:00 - ==========================================================
DEBUG QUERY:
SELECT * FROM users WHERE (user_email = ?) AND (user_password = ?) LIMIT 20
Array
(
    [0] => jorge@conteudodinamico.com.br
    [1] => t4r5zjj
)
============================================================================================

INFO - 2015-01-05T19:47:28-02:00 - ==========================================================
DEBUG QUERY:
SELECT * FROM users WHERE (user_email = ?) AND (user_password = ?) LIMIT 20
Array
(
    [0] => jorge@conteudodinamico.com.br
    [1] => t4r5zjj
)
============================================================================================

INFO - 2015-01-05T19:47:45-02:00 - ==========================================================
DEBUG QUERY:
SELECT * FROM users WHERE (user_email = ?) AND (user_password = ?) LIMIT 20
Array
(
    [0] => jorge@conteudodinamico.com.br
    [1] => t4r5zjj
)
============================================================================================

INFO - 2015-01-05T19:48:29-02:00 - ==========================================================
DEBUG QUERY:
SELECT * FROM users WHERE (user_email = ?) AND (user_password = ?) LIMIT 20
Array
(
    [0] => jorge@conteudodinamico.com.br
    [1] => t4r5zjj
)
============================================================================================

INFO - 2015-01-05T19:50:16-02:00 - ==========================================================
DEBUG QUERY:
SELECT * FROM users WHERE (user_email = ?) AND (user_password = ?) LIMIT 20
Array
(
    [0] => jorge@conteudodinamico.com.br
    [1] => t4r5zjj
)
============================================================================================

INFO - 2015-01-05T19:51:33-02:00 - ==========================================================
DEBUG QUERY:
SELECT * FROM users WHERE (user_email = ?) AND (user_password = ?) LIMIT 20
Array
(
    [0] => jorge@conteudodinamico.com.br
    [1] => t4r5zjj
)
============================================================================================

INFO - 2015-01-05T19:54:04-02:00 - ==========================================================
DEBUG QUERY:
SELECT * FROM users WHERE (user_email = ?) AND (user_password = ?) LIMIT 20
Array
(
    [0] => jorge@conteudodinamico.com.br
    [1] => t4r5zjj
)
============================================================================================

INFO - 2015-01-05T19:55:06-02:00 - ==========================================================
DEBUG QUERY:
SELECT * FROM users WHERE (user_email = ?) AND (user_password = ?) LIMIT 20
Array
(
    [0] => jorge@conteudodinamico.com.br
    [1] => t4r5zjj
)
============================================================================================

INFO - 2015-01-05T20:02:37-02:00 - ==========================================================
DEBUG QUERY:
SELECT * FROM users WHERE (user_email = ?) AND (user_password = ?) LIMIT 20
Array
(
    [0] => jorge@conteudodinamico.com.br
    [1] => t4r5zjj
)
============================================================================================

INFO - 2015-01-05T20:02:42-02:00 - ==========================================================
DEBUG QUERY:
SELECT * FROM users WHERE (user_email = ?) AND (user_password = ?) LIMIT 20
Array
(
    [0] => jorge@conteudodinamico.com.br
    [1] => t4rc5zjj
)
============================================================================================

INFO - 2015-01-05T20:03:02-02:00 - ==========================================================
DEBUG QUERY:
SELECT * FROM users WHERE (user_email = ?) AND (user_password = ?) LIMIT 20
Array
(
    [0] => jorge@conteudodinamico.com.br
    [1] => t4rc5zjj
)
============================================================================================

INFO - 2015-01-05T20:12:07-02:00 - ==========================================================
DEBUG QUERY:
SELECT * FROM users WHERE (user_email = ?) AND (user_password = ?) LIMIT 20
Array
(
    [0] => jorge@conteudodinamico.com.br
    [1] => t4rc5zjj
)
============================================================================================

INFO - 2015-01-05T20:12:32-02:00 - ==========================================================
DEBUG QUERY:
SELECT * FROM users WHERE (user_email = ?) AND (user_password = ?) LIMIT 20
Array
(
    [0] => jorge@conteudodinamico.com.br
    [1] => t4rc5zjj
)
============================================================================================

INFO - 2015-01-05T20:12:38-02:00 - ==========================================================
DEBUG QUERY:
SELECT * FROM users WHERE (user_email = ?) AND (user_password = ?) LIMIT 20
Array
(
    [0] => jorge@conteudodinamico.com.br
    [1] => t4r5zjj
)
============================================================================================

INFO - 2015-01-05T20:13:33-02:00 - ==========================================================
DEBUG QUERY:
SELECT * FROM users WHERE (user_email = ?) AND (user_password = ?) LIMIT 20
Array
(
    [0] => jorge@conteudodinamico.com.br
    [1] => t4r5zjj
)
============================================================================================

INFO - 2015-01-05T20:13:49-02:00 - ==========================================================
DEBUG QUERY:
SELECT * FROM tests LIMIT 20
Array
(
)
============================================================================================

INFO - 2015-01-05T20:14:00-02:00 - ==========================================================
DEBUG QUERY:
SELECT * FROM users WHERE (user_email = ?) AND (user_password = ?) LIMIT 20
Array
(
    [0] => jorge@conteudodinamico.com.br
    [1] => t4r5zjj
)
============================================================================================

INFO - 2015-01-05T20:14:39-02:00 - ==========================================================
DEBUG QUERY:
SELECT * FROM users WHERE (user_email = ?) AND (user_password = ?) LIMIT 20
Array
(
    [0] => jorge@conteudodinamico.com.br
    [1] => t4r5zjj
)
============================================================================================

INFO - 2015-01-05T20:14:46-02:00 - ==========================================================
DEBUG QUERY:
SELECT * FROM users WHERE (user_email = ?) AND (user_password = ?) LIMIT 20
Array
(
    [0] => jorge@conteudodinamico.com.br
    [1] => t4r,5zjj
)
============================================================================================

INFO - 2015-01-05T20:20:29-02:00 - ==========================================================
DEBUG QUERY:
SELECT * FROM users WHERE (user_email = ?) AND (user_password = ?) LIMIT 20
Array
(
    [0] => jorge@conteudodinamico.com.br
    [1] => t4r5zjj
)
============================================================================================

INFO - 2015-01-05T20:20:36-02:00 - ==========================================================
DEBUG QUERY:
SELECT * FROM users WHERE (user_email = ?) AND (user_password = ?) LIMIT 20
Array
(
    [0] => jorge@conteudodinamico.com.br
    [1] => t4rm5zjj
)
============================================================================================

INFO - 2015-01-05T20:21:25-02:00 - ==========================================================
DEBUG QUERY:
SELECT * FROM users WHERE (user_email = ?) AND (user_password = ?) LIMIT 20
Array
(
    [0] => jorge@conteudodinamico.com.br
    [1] => t4rm5zjj
)
============================================================================================

INFO - 2015-01-05T20:22:32-02:00 - ==========================================================
DEBUG QUERY:
INSERT INTO tests (test_name, test_email) VALUES ('Jorge Jardim', 'jorge@jorgejardim.com.br')
Array
(
)
============================================================================================

INFO - 2015-01-05T20:24:03-02:00 - ==========================================================
DEBUG QUERY:
INSERT INTO tests (test_name, test_email) VALUES ('Jorge Jardim', 'jorge@jorgejardim.com.br')
Array
(
)
============================================================================================

INFO - 2015-01-05T20:24:16-02:00 - ==========================================================
DEBUG QUERY:
SELECT * FROM users WHERE (user_email = ?) AND (user_password = ?) LIMIT 20
Array
(
    [0] => jorge@conteudodinamico.com.br
    [1] => t4r5zjj
)
============================================================================================

INFO - 2015-01-05T20:24:24-02:00 - ==========================================================
DEBUG QUERY:
SELECT * FROM users WHERE (user_email = ?) AND (user_password = ?) LIMIT 20
Array
(
    [0] => jorge@conteudodinamico.com.br
    [1] => t4r5zjj
)
============================================================================================

INFO - 2015-01-05T20:26:33-02:00 - ==========================================================
DEBUG QUERY:
SELECT * FROM users WHERE (user_email = ?) AND (user_password = ?) LIMIT 20
Array
(
    [0] => jorge@conteudodinamico.com.br
    [1] => t4r5zjj
)
============================================================================================

INFO - 2015-01-05T20:28:08-02:00 - ==========================================================
DEBUG QUERY:
SELECT * FROM tests WHERE (test_id = ?) LIMIT 1
Array
(
    [0] => 1
)
============================================================================================

INFO - 2015-01-05T20:28:23-02:00 - ==========================================================
DEBUG QUERY:
SELECT * FROM tests WHERE (test_id = ?) LIMIT 1
Array
(
    [0] => 1
)
============================================================================================

INFO - 2015-01-05T20:28:37-02:00 - ==========================================================
DEBUG QUERY:
SELECT * FROM tests WHERE (test_id = ?) LIMIT 1
Array
(
    [0] => 5
)
============================================================================================

INFO - 2015-01-05T20:33:10-02:00 - ==========================================================
DEBUG QUERY:
SELECT * FROM tests WHERE (test_id = ?) LIMIT 1
Array
(
    [0] => 1
)
============================================================================================

INFO - 2015-01-05T20:45:37-02:00 - ==========================================================
DEBUG QUERY:
SELECT * FROM users WHERE (user_email = ?) LIMIT 20
Array
(
    [0] => 
)
============================================================================================

INFO - 2015-01-05T20:45:57-02:00 - ==========================================================
DEBUG QUERY:
SELECT * FROM users WHERE (user_email = ?) AND (user_password = ?) LIMIT 20
Array
(
    [0] => jorge@conteudodinamico.com.br
    [1] => t4r5zjj
)
============================================================================================

INFO - 2015-01-05T20:46:13-02:00 - ==========================================================
DEBUG QUERY:
SELECT * FROM users WHERE (user_email = ?) LIMIT 20
Array
(
    [0] => jorge@conteudodinamico.com.br
)
============================================================================================

INFO - 2015-01-05T20:46:22-02:00 - ==========================================================
DEBUG QUERY:
SELECT * FROM users WHERE (user_email = ?) LIMIT 20
Array
(
    [0] => jorge@conteudodinamico.com.br
)
============================================================================================

INFO - 2015-01-05T20:46:29-02:00 - ==========================================================
DEBUG QUERY:
SELECT * FROM users WHERE (user_email = ?) LIMIT 20
Array
(
    [0] => jorge@conteudodxinamico.com.br
)
============================================================================================

INFO - 2015-01-05T20:46:42-02:00 - ==========================================================
DEBUG QUERY:
SELECT * FROM users WHERE (user_email = ?) LIMIT 20
Array
(
    [0] => jorge@conteudodinamico.com.br
)
============================================================================================

INFO - 2015-01-05T20:47:27-02:00 - ==========================================================
DEBUG QUERY:
SELECT * FROM users WHERE (user_email = ?) LIMIT 20
Array
(
    [0] => jorge@conteudodinamico.com.br
)
============================================================================================

INFO - 2015-01-05T20:47:43-02:00 - ==========================================================
DEBUG QUERY:
SELECT * FROM users WHERE (user_email = ?) LIMIT 20
Array
(
    [0] => jorge@conteudodinamico.com.br
)
============================================================================================

INFO - 2015-01-05T20:47:59-02:00 - ==========================================================
DEBUG QUERY:
SELECT * FROM users WHERE (user_email = ?) LIMIT 20
Array
(
    [0] => jorge@conteudodinamico.com.br
)
============================================================================================

INFO - 2015-01-05T20:48:42-02:00 - ==========================================================
DEBUG QUERY:
SELECT * FROM users WHERE (user_email = ?) AND (user_password = ?) LIMIT 20
Array
(
    [0] => jorge@conteudodinamico.com.br
    [1] => t4r5zjj
)
============================================================================================

INFO - 2015-01-05T21:21:14-02:00 - ==========================================================
DEBUG QUERY:
SELECT * FROM users WHERE (user_email = ?) AND (user_password = ?) LIMIT 20
Array
(
    [0] => 
    [1] => 
)
============================================================================================

INFO - 2015-01-05T21:29:50-02:00 - ==========================================================
DEBUG QUERY:
SELECT * FROM users WHERE (user_email = ?) AND (user_password = ?) LIMIT 20
Array
(
    [0] => 
    [1] => 
)
============================================================================================

INFO - 2015-01-05T21:34:01-02:00 - ==========================================================
DEBUG QUERY:
SELECT * FROM users WHERE (user_email = ?) AND (user_password = ?) LIMIT 20
Array
(
    [0] => 
    [1] => 
)
============================================================================================

INFO - 2015-01-05T21:36:18-02:00 - ==========================================================
DEBUG QUERY:
SELECT * FROM users WHERE (user_email = ?) AND (user_password = ?) LIMIT 20
Array
(
    [0] => 
    [1] => 
)
============================================================================================

INFO - 2015-01-05T21:36:41-02:00 - ==========================================================
DEBUG QUERY:
SELECT * FROM users WHERE (user_email = ?) AND (user_password = ?) LIMIT 20
Array
(
    [0] => 
    [1] => 
)
============================================================================================

INFO - 2015-01-05T21:46:51-02:00 - ==========================================================
DEBUG QUERY:
SELECT * FROM users WHERE (user_email = ?) AND (user_password = ?) LIMIT 20
Array
(
    [0] => 
    [1] => 
)
============================================================================================

INFO - 2015-01-05T21:47:15-02:00 - ==========================================================
DEBUG QUERY:
SELECT * FROM users WHERE (user_email = ?) AND (user_password = ?) LIMIT 20
Array
(
    [0] => 
    [1] => 
)
============================================================================================

INFO - 2015-01-05T21:49:29-02:00 - ==========================================================
DEBUG QUERY:
SELECT * FROM users WHERE (user_email = ?) AND (user_password = ?) LIMIT 20
Array
(
    [0] => 
    [1] => 
)
============================================================================================

INFO - 2015-01-05T21:50:17-02:00 - ==========================================================
DEBUG QUERY:
SELECT * FROM users WHERE (user_email = ?) AND (user_password = ?) LIMIT 20
Array
(
    [0] => 
    [1] => 
)
============================================================================================

INFO - 2015-01-05T21:53:45-02:00 - ==========================================================
DEBUG QUERY:
SELECT * FROM users WHERE (user_email = ?) AND (user_password = ?) LIMIT 20
Array
(
    [0] => 
    [1] => 
)
============================================================================================

INFO - 2015-01-05T21:53:59-02:00 - ==========================================================
DEBUG QUERY:
SELECT * FROM users WHERE (user_email = ?) AND (user_password = ?) LIMIT 20
Array
(
    [0] => 
    [1] => 
)
============================================================================================

INFO - 2015-01-05T21:54:09-02:00 - ==========================================================
DEBUG QUERY:
SELECT * FROM users WHERE (user_email = ?) LIMIT 20
Array
(
    [0] => jorge@conteudodinamico.com.br
)
============================================================================================

INFO - 2015-01-05T22:07:44-02:00 - ==========================================================
DEBUG QUERY:
SELECT * FROM users WHERE (user_email = ?) LIMIT 20
Array
(
    [0] => jorge@conteudodinamico.com.br
)
============================================================================================

INFO - 2015-01-05T22:28:57-02:00 - ==========================================================
DEBUG QUERY:
SELECT * FROM users WHERE (user_email = ?) LIMIT 20
Array
(
    [0] => jorge@conteudodinamico.com.br
)
============================================================================================

INFO - 2015-01-05T22:30:55-02:00 - ==========================================================
DEBUG QUERY:
SELECT * FROM users WHERE (user_email = ?) LIMIT 20
Array
(
    [0] => jorge@conteudodinamico.com.br
)
============================================================================================

INFO - 2015-01-05T22:32:40-02:00 - ==========================================================
DEBUG QUERY:
SELECT * FROM users WHERE (user_email = ?) LIMIT 20
Array
(
    [0] => jorge@conteudodinamico.com.br
)
============================================================================================

INFO - 2015-01-05T22:32:57-02:00 - ==========================================================
DEBUG QUERY:
SELECT * FROM users WHERE (user_email = ?) LIMIT 20
Array
(
    [0] => jorge@conteudodinamico.com.br
)
============================================================================================

INFO - 2015-01-05T22:49:50-02:00 - ==========================================================
DEBUG QUERY:
SELECT * FROM users WHERE (user_email = ?) LIMIT 20
Array
(
    [0] => jorge@conteudodinamico.com.br
)
============================================================================================

INFO - 2015-01-05T23:24:04-02:00 - ==========================================================
DEBUG QUERY:
SELECT * FROM users WHERE (user_email = ?) LIMIT 20
Array
(
    [0] => jorge@conteudodinamico.com.br
)
============================================================================================

INFO - 2015-01-05T23:25:37-02:00 - ==========================================================
DEBUG QUERY:
SELECT * FROM users WHERE (user_email = ?) LIMIT 20
Array
(
    [0] => jorge@conteudodinamico.com.br
)
============================================================================================

INFO - 2015-01-05T23:27:19-02:00 - ==========================================================
DEBUG QUERY:
SELECT * FROM users WHERE (user_email = ?) LIMIT 20
Array
(
    [0] => jorge@conteudodinamico.com.br
)
============================================================================================

INFO - 2015-01-05T23:28:22-02:00 - ==========================================================
DEBUG QUERY:
SELECT * FROM users WHERE (user_email = ?) LIMIT 20
Array
(
    [0] => jorge@conteudodinamico.com.br
)
============================================================================================

INFO - 2015-01-05T23:28:57-02:00 - ==========================================================
DEBUG QUERY:
SELECT * FROM users WHERE (user_email = ?) LIMIT 20
Array
(
    [0] => jorge@conteudodinamico.com.br
)
============================================================================================

